<?xml version="1.0" encoding="UTF-8"?>
<!-- Generated by org.testng.reporters.JUnitReportReporter -->
<testsuite skipped="0" hostname="Aarya" name="testCases.DeleteProduct" tests="1" failures="0" timestamp="01 Jul 2021 04:17:43 GMT" time="2.501" errors="0">
  <testcase name="Delete_A_Product" time="2.501" classname="testCases.DeleteProduct"/>
</testsuite> <!-- testCases.DeleteProduct -->
