<?xml version="1.0" encoding="UTF-8"?>
<!-- Generated by org.testng.reporters.JUnitReportReporter -->
<testsuite skipped="0" hostname="Aarya" name="testCases.Get_or_read_all_Products" tests="1" failures="0" timestamp="29 Jun 2021 05:15:32 GMT" time="1.721" errors="0">
  <testcase name="read_all_Products" time="1.721" classname="testCases.Get_or_read_all_Products"/>
</testsuite> <!-- testCases.Get_or_read_all_Products -->
