<?xml version="1.0" encoding="UTF-8"?>
<!-- Generated by org.testng.reporters.JUnitReportReporter -->
<testsuite skipped="0" hostname="Aarya" name="testCases.Get_Data" tests="1" failures="0" timestamp="01 Jul 2021 04:39:43 GMT" time="1.969" errors="0">
  <testcase name="getData" time="1.969" classname="testCases.Get_Data"/>
</testsuite> <!-- testCases.Get_Data -->
