<?xml version="1.0" encoding="UTF-8"?>
<!-- Generated by org.testng.reporters.JUnitReportReporter -->
<testsuite hostname="Aarya" failures="0" tests="1" name="testCases.Get_or_read_single_Products" time="1.562" errors="0" timestamp="29 Jun 2021 03:14:48 GMT" skipped="0">
  <testcase classname="testCases.Get_or_read_single_Products" name="read_all_Products" time="1.562"/>
</testsuite> <!-- testCases.Get_or_read_single_Products -->
