<?xml version="1.0" encoding="UTF-8"?>
<!-- Generated by org.testng.reporters.JUnitReportReporter -->
<testsuite skipped="0" hostname="Aarya" name="testCases.Post_or_Create" tests="1" failures="0" timestamp="01 Jul 2021 04:16:15 GMT" time="2.937" errors="0">
  <testcase name="create_A_Product" time="2.937" classname="testCases.Post_or_Create"/>
</testsuite> <!-- testCases.Post_or_Create -->
