<?xml version="1.0" encoding="UTF-8"?>
<!-- Generated by org.testng.reporters.JUnitReportReporter -->
<testsuite skipped="0" hostname="Aarya" name="testCases.Put_Or_Update" tests="1" failures="0" timestamp="01 Jul 2021 04:13:24 GMT" time="2.378" errors="0">
  <testcase name="update_A_Product" time="2.378" classname="testCases.Put_Or_Update"/>
</testsuite> <!-- testCases.Put_Or_Update -->
